<?xml version="1.0" encoding="UTF-8"?>
<!-- Generated by org.testng.reporters.JUnitReportReporter -->
<testsuite hostname="DESKTOP-U84DCBG" failures="0" tests="1" name="manisha" time="13.911" errors="0" timestamp="2022-05-28T11:43:46 IST" skipped="0">
  <testcase classname="manisha" name="main" time="13.911"/>
  <system-out/>
</testsuite> <!-- manisha -->
