<?xml version="1.0" encoding="UTF-8"?>
<!-- Generated by org.testng.reporters.JUnitReportReporter -->
<testsuite hostname="DESKTOP-U84DCBG" failures="0" tests="1" name="com.evs.vtiger.testcase.ValidateLeadFunctionality" time="10.485" errors="0" timestamp="2022-06-15T21:21:08 IST" skipped="0">
  <testcase classname="com.evs.vtiger.testcase.ValidateLeadFunctionality" name="validateCreateAccount" time="10.485"/>
  <system-out/>
</testsuite> <!-- com.evs.vtiger.testcase.ValidateLeadFunctionality -->
